{
  "uid" : "bfd71b901b79971c",
  "name" : "Change profile name",
  "fullName" : "tests.feature_profile_test.TestProfileFeature#test_change_profile_name",
  "historyId" : "42b4a115007c35c622675a0baedb491a",
  "time" : {
    "start" : 1707755995591,
    "stop" : 1707756016721,
    "duration" : 21130
  },
  "status" : "broken",
  "statusMessage" : "selenium.common.exceptions.TimeoutException: Message:",
  "statusTrace" : "self = <feature_profile_test.TestProfileFeature object at 0x7f7138d8a540>\n\n    @pytest.mark.good\n    @allure.title(\"Change profile name\")\n    @allure.severity(\"Critical\")\n    @pytest.mark.smoke\n    def test_change_profile_name(self):\n        self.login_page.open()\n        self.login_page.enter_login(self.data.LOGIN)\n        self.login_page.enter_password(self.data.PASSWORD)\n        self.login_page.click_submit_button()\n        self.dashboard_page.is_opened()\n        self.dashboard_page.click_my_info_link()\n        self.personal_page.is_opened()\n        self.personal_page.change_name(f\"Test {random.randint(1, 100)}\")\n        self.personal_page.save_changes()\n>       self.personal_page.is_changes_saved()\n\ntests/feature_profile_test.py:22: \n_ _ _ _ _ _ _ _ _ _ _ _ _ _ _ _ _ _ _ _ _ _ _ _ _ _ _ _ _ _ _ _ _ _ _ _ _ _ _ _ \npages/personal_page.py:33: in is_changes_saved\n    self.wait.until(EC.text_to_be_present_in_element_value(self.FIRST_NAME_FIELD, self.name))\n_ _ _ _ _ _ _ _ _ _ _ _ _ _ _ _ _ _ _ _ _ _ _ _ _ _ _ _ _ _ _ _ _ _ _ _ _ _ _ _ \n\nself = <selenium.webdriver.support.wait.WebDriverWait (session=\"b47c4eb21cf58fd7b82f5d944186c748\")>\nmethod = <function text_to_be_present_in_element_value.<locals>._predicate at 0x7f71379b1760>\nmessage = ''\n\n    def until(self, method, message: str = \"\"):\n        \"\"\"Calls the method provided with the driver as an argument until the \\\n        return value does not evaluate to ``False``.\n    \n        :param method: callable(WebDriver)\n        :param message: optional message for :exc:`TimeoutException`\n        :returns: the result of the last call to `method`\n        :raises: :exc:`selenium.common.exceptions.TimeoutException` if timeout occurs\n        \"\"\"\n        screen = None\n        stacktrace = None\n    \n        end_time = time.monotonic() + self._timeout\n        while True:\n            try:\n                value = method(self._driver)\n                if value:\n                    return value\n            except self._ignored_exceptions as exc:\n                screen = getattr(exc, \"screen\", None)\n                stacktrace = getattr(exc, \"stacktrace\", None)\n            time.sleep(self._poll)\n            if time.monotonic() > end_time:\n                break\n>       raise TimeoutException(message, screen, stacktrace)\nE       selenium.common.exceptions.TimeoutException: Message:\n\n../local/lib/python3.12/site-packages/selenium/webdriver/support/wait.py:95: TimeoutException",
  "flaky" : false,
  "newFailed" : false,
  "beforeStages" : [ {
    "name" : "setup",
    "time" : {
      "start" : 1707755995590,
      "stop" : 1707755995590,
      "duration" : 0
    },
    "status" : "passed",
    "steps" : [ ],
    "attachments" : [ ],
    "parameters" : [ ],
    "attachmentsCount" : 0,
    "shouldDisplayMessage" : false,
    "stepsCount" : 0,
    "hasContent" : false
  }, {
    "name" : "driver",
    "time" : {
      "start" : 1707755994835,
      "stop" : 1707755995590,
      "duration" : 755
    },
    "status" : "passed",
    "steps" : [ ],
    "attachments" : [ ],
    "parameters" : [ ],
    "attachmentsCount" : 0,
    "shouldDisplayMessage" : false,
    "stepsCount" : 0,
    "hasContent" : false
  } ],
  "testStage" : {
    "status" : "broken",
    "statusMessage" : "selenium.common.exceptions.TimeoutException: Message:",
    "statusTrace" : "self = <feature_profile_test.TestProfileFeature object at 0x7f7138d8a540>\n\n    @pytest.mark.good\n    @allure.title(\"Change profile name\")\n    @allure.severity(\"Critical\")\n    @pytest.mark.smoke\n    def test_change_profile_name(self):\n        self.login_page.open()\n        self.login_page.enter_login(self.data.LOGIN)\n        self.login_page.enter_password(self.data.PASSWORD)\n        self.login_page.click_submit_button()\n        self.dashboard_page.is_opened()\n        self.dashboard_page.click_my_info_link()\n        self.personal_page.is_opened()\n        self.personal_page.change_name(f\"Test {random.randint(1, 100)}\")\n        self.personal_page.save_changes()\n>       self.personal_page.is_changes_saved()\n\ntests/feature_profile_test.py:22: \n_ _ _ _ _ _ _ _ _ _ _ _ _ _ _ _ _ _ _ _ _ _ _ _ _ _ _ _ _ _ _ _ _ _ _ _ _ _ _ _ \npages/personal_page.py:33: in is_changes_saved\n    self.wait.until(EC.text_to_be_present_in_element_value(self.FIRST_NAME_FIELD, self.name))\n_ _ _ _ _ _ _ _ _ _ _ _ _ _ _ _ _ _ _ _ _ _ _ _ _ _ _ _ _ _ _ _ _ _ _ _ _ _ _ _ \n\nself = <selenium.webdriver.support.wait.WebDriverWait (session=\"b47c4eb21cf58fd7b82f5d944186c748\")>\nmethod = <function text_to_be_present_in_element_value.<locals>._predicate at 0x7f71379b1760>\nmessage = ''\n\n    def until(self, method, message: str = \"\"):\n        \"\"\"Calls the method provided with the driver as an argument until the \\\n        return value does not evaluate to ``False``.\n    \n        :param method: callable(WebDriver)\n        :param message: optional message for :exc:`TimeoutException`\n        :returns: the result of the last call to `method`\n        :raises: :exc:`selenium.common.exceptions.TimeoutException` if timeout occurs\n        \"\"\"\n        screen = None\n        stacktrace = None\n    \n        end_time = time.monotonic() + self._timeout\n        while True:\n            try:\n                value = method(self._driver)\n                if value:\n                    return value\n            except self._ignored_exceptions as exc:\n                screen = getattr(exc, \"screen\", None)\n                stacktrace = getattr(exc, \"stacktrace\", None)\n            time.sleep(self._poll)\n            if time.monotonic() > end_time:\n                break\n>       raise TimeoutException(message, screen, stacktrace)\nE       selenium.common.exceptions.TimeoutException: Message:\n\n../local/lib/python3.12/site-packages/selenium/webdriver/support/wait.py:95: TimeoutException",
    "steps" : [ {
      "name" : "Open https://opensource-demo.orangehrmlive.com/web/index.php/auth/login page",
      "time" : {
        "start" : 1707755995591,
        "stop" : 1707755997061,
        "duration" : 1470
      },
      "status" : "passed",
      "steps" : [ ],
      "attachments" : [ ],
      "parameters" : [ ],
      "attachmentsCount" : 0,
      "shouldDisplayMessage" : false,
      "stepsCount" : 0,
      "hasContent" : false
    }, {
      "name" : "Enter login",
      "time" : {
        "start" : 1707755997061,
        "stop" : 1707755998117,
        "duration" : 1056
      },
      "status" : "passed",
      "steps" : [ ],
      "attachments" : [ ],
      "parameters" : [ {
        "name" : "login",
        "value" : "'Admin'"
      } ],
      "attachmentsCount" : 0,
      "shouldDisplayMessage" : false,
      "stepsCount" : 0,
      "hasContent" : true
    }, {
      "name" : "Enter password",
      "time" : {
        "start" : 1707755998117,
        "stop" : 1707755998186,
        "duration" : 69
      },
      "status" : "passed",
      "steps" : [ ],
      "attachments" : [ ],
      "parameters" : [ {
        "name" : "password",
        "value" : "'admin123'"
      } ],
      "attachmentsCount" : 0,
      "shouldDisplayMessage" : false,
      "stepsCount" : 0,
      "hasContent" : true
    }, {
      "name" : "Click submit button",
      "time" : {
        "start" : 1707755998186,
        "stop" : 1707755998228,
        "duration" : 42
      },
      "status" : "passed",
      "steps" : [ ],
      "attachments" : [ ],
      "parameters" : [ ],
      "attachmentsCount" : 0,
      "shouldDisplayMessage" : false,
      "stepsCount" : 0,
      "hasContent" : false
    }, {
      "name" : "Page https://opensource-demo.orangehrmlive.com/web/index.php/dashboard/index is opened",
      "time" : {
        "start" : 1707755998228,
        "stop" : 1707755999144,
        "duration" : 916
      },
      "status" : "passed",
      "steps" : [ ],
      "attachments" : [ ],
      "parameters" : [ ],
      "attachmentsCount" : 0,
      "shouldDisplayMessage" : false,
      "stepsCount" : 0,
      "hasContent" : false
    }, {
      "name" : "Click on 'My Info' link",
      "time" : {
        "start" : 1707755999144,
        "stop" : 1707756000912,
        "duration" : 1768
      },
      "status" : "passed",
      "steps" : [ ],
      "attachments" : [ ],
      "parameters" : [ ],
      "attachmentsCount" : 0,
      "shouldDisplayMessage" : false,
      "stepsCount" : 0,
      "hasContent" : false
    }, {
      "name" : "Page https://opensource-demo.orangehrmlive.com/web/index.php/pim/viewPersonalDetails/empNumber/7 is opened",
      "time" : {
        "start" : 1707756000912,
        "stop" : 1707756000914,
        "duration" : 2
      },
      "status" : "passed",
      "steps" : [ ],
      "attachments" : [ ],
      "parameters" : [ ],
      "attachmentsCount" : 0,
      "shouldDisplayMessage" : false,
      "stepsCount" : 0,
      "hasContent" : false
    }, {
      "name" : "Change name on 'Test 52'",
      "time" : {
        "start" : 1707756000914,
        "stop" : 1707756002016,
        "duration" : 1102
      },
      "status" : "passed",
      "steps" : [ ],
      "attachments" : [ ],
      "parameters" : [ ],
      "attachmentsCount" : 0,
      "shouldDisplayMessage" : false,
      "stepsCount" : 0,
      "hasContent" : false
    }, {
      "name" : "Save changes",
      "time" : {
        "start" : 1707756002016,
        "stop" : 1707756002547,
        "duration" : 531
      },
      "status" : "passed",
      "steps" : [ ],
      "attachments" : [ ],
      "parameters" : [ ],
      "attachmentsCount" : 0,
      "shouldDisplayMessage" : false,
      "stepsCount" : 0,
      "hasContent" : false
    }, {
      "name" : "Changes has been saved successfuly",
      "time" : {
        "start" : 1707756002548,
        "stop" : 1707756016720,
        "duration" : 14172
      },
      "status" : "broken",
      "statusMessage" : "selenium.common.exceptions.TimeoutException: Message: \n\n",
      "statusTrace" : "  File \"/usr/local/lib/python3.12/site-packages/allure_commons/_allure.py\", line 192, in impl\n    return func(*a, **kw)\n           ^^^^^^^^^^^^^^\n  File \"/usr/workspace/pages/personal_page.py\", line 33, in is_changes_saved\n    self.wait.until(EC.text_to_be_present_in_element_value(self.FIRST_NAME_FIELD, self.name))\n  File \"/usr/local/lib/python3.12/site-packages/selenium/webdriver/support/wait.py\", line 95, in until\n    raise TimeoutException(message, screen, stacktrace)\n",
      "steps" : [ ],
      "attachments" : [ ],
      "parameters" : [ ],
      "attachmentsCount" : 0,
      "shouldDisplayMessage" : true,
      "stepsCount" : 0,
      "hasContent" : true
    } ],
    "attachments" : [ ],
    "parameters" : [ ],
    "attachmentsCount" : 0,
    "shouldDisplayMessage" : true,
    "stepsCount" : 10,
    "hasContent" : true
  },
  "afterStages" : [ {
    "name" : "driver::0",
    "time" : {
      "start" : 1707756016749,
      "stop" : 1707756016836,
      "duration" : 87
    },
    "status" : "passed",
    "steps" : [ ],
    "attachments" : [ ],
    "parameters" : [ ],
    "attachmentsCount" : 0,
    "shouldDisplayMessage" : false,
    "stepsCount" : 0,
    "hasContent" : false
  } ],
  "labels" : [ {
    "name" : "feature",
    "value" : "Profile Functionality"
  }, {
    "name" : "severity",
    "value" : "Critical"
  }, {
    "name" : "tag",
    "value" : "smoke"
  }, {
    "name" : "tag",
    "value" : "good"
  }, {
    "name" : "parentSuite",
    "value" : "tests"
  }, {
    "name" : "suite",
    "value" : "feature_profile_test"
  }, {
    "name" : "subSuite",
    "value" : "TestProfileFeature"
  }, {
    "name" : "host",
    "value" : "d3586dbadab3"
  }, {
    "name" : "thread",
    "value" : "1-MainThread"
  }, {
    "name" : "framework",
    "value" : "pytest"
  }, {
    "name" : "language",
    "value" : "cpython3"
  }, {
    "name" : "package",
    "value" : "tests.feature_profile_test"
  }, {
    "name" : "resultFormat",
    "value" : "allure2"
  } ],
  "parameters" : [ ],
  "links" : [ ],
  "hidden" : false,
  "retry" : false,
  "extra" : {
    "severity" : "critical",
    "retries" : [ ],
    "categories" : [ {
      "name" : "Test defects",
      "matchedStatuses" : [ ],
      "flaky" : false
    } ],
    "history" : {
      "statistic" : {
        "failed" : 0,
        "broken" : 5,
        "skipped" : 0,
        "passed" : 12,
        "unknown" : 0,
        "total" : 17
      },
      "items" : [ {
        "uid" : "e40143ffd9df2485",
        "status" : "passed",
        "time" : {
          "start" : 1707755459117,
          "stop" : 1707755469454,
          "duration" : 10337
        }
      }, {
        "uid" : "6b56e52358be0376",
        "status" : "broken",
        "statusDetails" : "selenium.common.exceptions.ElementClickInterceptedException: Message: element click intercepted: Element <button type=\"submit\" class=\"oxd-button oxd-button--medium oxd-button--secondary orangehrm-left-space\" data-v-10d463b7=\"\" data-v-8c6e0396=\"\">...</button> is not clickable at point (1789, 709). Other element would receive the click: <form class=\"oxd-form\" novalidate=\"\" data-v-d5bfe35b=\"\" data-v-8c6e0396=\"\">...</form>\n  (Session info: headless chrome=112.0.5615.165)",
        "time" : {
          "start" : 1707755111616,
          "stop" : 1707755120255,
          "duration" : 8639
        }
      }, {
        "uid" : "d483d5106ae436b9",
        "status" : "passed",
        "time" : {
          "start" : 1707754968314,
          "stop" : 1707754978058,
          "duration" : 9744
        }
      }, {
        "uid" : "bc70b7d258d51bb6",
        "status" : "passed",
        "time" : {
          "start" : 1707754694446,
          "stop" : 1707754705296,
          "duration" : 10850
        }
      }, {
        "uid" : "9f56920b214816ed",
        "status" : "passed",
        "time" : {
          "start" : 1707754618214,
          "stop" : 1707754628833,
          "duration" : 10619
        }
      }, {
        "uid" : "944de75845cbb192",
        "status" : "passed",
        "time" : {
          "start" : 1707753298970,
          "stop" : 1707753309923,
          "duration" : 10953
        }
      }, {
        "uid" : "3213fc03fa949b5e",
        "status" : "passed",
        "time" : {
          "start" : 1707753201287,
          "stop" : 1707753212640,
          "duration" : 11353
        }
      }, {
        "uid" : "862ae8cd132275ea",
        "status" : "passed",
        "time" : {
          "start" : 1707752682933,
          "stop" : 1707752692627,
          "duration" : 9694
        }
      }, {
        "uid" : "c27c29a12f962aa5",
        "status" : "passed",
        "time" : {
          "start" : 1707751970776,
          "stop" : 1707751981760,
          "duration" : 10984
        }
      }, {
        "uid" : "91ffa4da2ae8495d",
        "status" : "passed",
        "time" : {
          "start" : 1707656586240,
          "stop" : 1707656597565,
          "duration" : 11325
        }
      }, {
        "uid" : "501177fdff516eba",
        "status" : "passed",
        "time" : {
          "start" : 1707656144358,
          "stop" : 1707656154295,
          "duration" : 9937
        }
      }, {
        "uid" : "9615c96399bb5df7",
        "status" : "broken",
        "statusDetails" : "selenium.common.exceptions.ElementClickInterceptedException: Message: element click intercepted: Element <button type=\"submit\" class=\"oxd-button oxd-button--medium oxd-button--secondary orangehrm-left-space\" data-v-10d463b7=\"\" data-v-8c6e0396=\"\">...</button> is not clickable at point (1789, 709). Other element would receive the click: <form class=\"oxd-form\" novalidate=\"\" data-v-d5bfe35b=\"\" data-v-8c6e0396=\"\">...</form>\n  (Session info: headless chrome=112.0.5615.165)",
        "time" : {
          "start" : 1707652700521,
          "stop" : 1707652707877,
          "duration" : 7356
        }
      }, {
        "uid" : "b0c2bfd36d8cd8d7",
        "status" : "broken",
        "statusDetails" : "selenium.common.exceptions.ElementClickInterceptedException: Message: element click intercepted: Element <button type=\"submit\" class=\"oxd-button oxd-button--medium oxd-button--secondary orangehrm-left-space\" data-v-10d463b7=\"\" data-v-8c6e0396=\"\">...</button> is not clickable at point (1789, 709). Other element would receive the click: <form class=\"oxd-form\" novalidate=\"\" data-v-d5bfe35b=\"\" data-v-8c6e0396=\"\">...</form>\n  (Session info: headless chrome=112.0.5615.165)",
        "time" : {
          "start" : 1707652088045,
          "stop" : 1707652097331,
          "duration" : 9286
        }
      }, {
        "uid" : "b584bbc091d7a97b",
        "status" : "passed",
        "time" : {
          "start" : 1707649702202,
          "stop" : 1707649709589,
          "duration" : 7387
        }
      }, {
        "uid" : "76a70b4065a3b677",
        "status" : "broken",
        "statusDetails" : "selenium.common.exceptions.ElementClickInterceptedException: Message: element click intercepted: Element <button type=\"submit\" class=\"oxd-button oxd-button--medium oxd-button--secondary orangehrm-left-space\" data-v-10d463b7=\"\" data-v-8c6e0396=\"\">...</button> is not clickable at point (1789, 709). Other element would receive the click: <div class=\"oxd-form-loader\" data-v-d5bfe35b=\"\">...</div>\n  (Session info: headless chrome=112.0.5615.165)",
        "time" : {
          "start" : 1707648002296,
          "stop" : 1707648011457,
          "duration" : 9161
        }
      }, {
        "uid" : "f53f99f74a365cca",
        "status" : "passed",
        "time" : {
          "start" : 1707575566907,
          "stop" : 1707575576595,
          "duration" : 9688
        }
      } ]
    },
    "tags" : [ "smoke", "good" ]
  },
  "source" : "bfd71b901b79971c.json",
  "parameterValues" : [ ]
}