{
  "uid" : "fad06d691c1eb11e",
  "name" : "Change profile name",
  "fullName" : "tests.feature_profile_test.TestProfileFeature#test_change_profile_name",
  "historyId" : "42b4a115007c35c622675a0baedb491a",
  "time" : {
    "start" : 1708177888889,
    "stop" : 1708177898930,
    "duration" : 10041
  },
  "status" : "failed",
  "statusMessage" : "AssertionError: assert False",
  "statusTrace" : "self = <feature_profile_test.TestProfileFeature object at 0x7fe7e64bb980>\n\n    @pytest.mark.good\n    @allure.title(\"Change profile name\")\n    @allure.severity(\"Critical\")\n    @pytest.mark.smoke\n    def test_change_profile_name(self):\n        self.login_page.open()\n        self.login_page.enter_login(self.data.LOGIN)\n        self.login_page.enter_password(self.data.PASSWORD)\n        self.login_page.click_submit_button()\n        self.dashboard_page.is_opened()\n        self.dashboard_page.click_my_info_link()\n        self.personal_page.is_opened()\n        self.personal_page.change_name(f\"Test {random.randint(1, 100)}\")\n        self.personal_page.save_changes()\n        self.personal_page.is_changes_saved()\n        self.personal_page.make_screenshot(\"Success\")\n>       assert False\nE       assert False\n\ntests/feature_profile_test.py:26: AssertionError",
  "flaky" : false,
  "newFailed" : false,
  "beforeStages" : [ {
    "name" : "setup",
    "time" : {
      "start" : 1708177888889,
      "stop" : 1708177888889,
      "duration" : 0
    },
    "status" : "passed",
    "steps" : [ ],
    "attachments" : [ ],
    "parameters" : [ ],
    "attachmentsCount" : 0,
    "shouldDisplayMessage" : false,
    "stepsCount" : 0,
    "hasContent" : false
  }, {
    "name" : "driver",
    "time" : {
      "start" : 1708177888149,
      "stop" : 1708177888889,
      "duration" : 740
    },
    "status" : "passed",
    "steps" : [ ],
    "attachments" : [ ],
    "parameters" : [ ],
    "attachmentsCount" : 0,
    "shouldDisplayMessage" : false,
    "stepsCount" : 0,
    "hasContent" : false
  } ],
  "testStage" : {
    "status" : "failed",
    "statusMessage" : "AssertionError: assert False",
    "statusTrace" : "self = <feature_profile_test.TestProfileFeature object at 0x7fe7e64bb980>\n\n    @pytest.mark.good\n    @allure.title(\"Change profile name\")\n    @allure.severity(\"Critical\")\n    @pytest.mark.smoke\n    def test_change_profile_name(self):\n        self.login_page.open()\n        self.login_page.enter_login(self.data.LOGIN)\n        self.login_page.enter_password(self.data.PASSWORD)\n        self.login_page.click_submit_button()\n        self.dashboard_page.is_opened()\n        self.dashboard_page.click_my_info_link()\n        self.personal_page.is_opened()\n        self.personal_page.change_name(f\"Test {random.randint(1, 100)}\")\n        self.personal_page.save_changes()\n        self.personal_page.is_changes_saved()\n        self.personal_page.make_screenshot(\"Success\")\n>       assert False\nE       assert False\n\ntests/feature_profile_test.py:26: AssertionError",
    "steps" : [ {
      "name" : "Open https://opensource-demo.orangehrmlive.com/web/index.php/auth/login page",
      "time" : {
        "start" : 1708177888890,
        "stop" : 1708177890478,
        "duration" : 1588
      },
      "status" : "passed",
      "steps" : [ ],
      "attachments" : [ ],
      "parameters" : [ ],
      "attachmentsCount" : 0,
      "shouldDisplayMessage" : false,
      "stepsCount" : 0,
      "hasContent" : false
    }, {
      "name" : "Enter login",
      "time" : {
        "start" : 1708177890478,
        "stop" : 1708177891535,
        "duration" : 1057
      },
      "status" : "passed",
      "steps" : [ ],
      "attachments" : [ ],
      "parameters" : [ {
        "name" : "login",
        "value" : "'Admin'"
      } ],
      "attachmentsCount" : 0,
      "shouldDisplayMessage" : false,
      "stepsCount" : 0,
      "hasContent" : true
    }, {
      "name" : "Enter password",
      "time" : {
        "start" : 1708177891536,
        "stop" : 1708177891606,
        "duration" : 70
      },
      "status" : "passed",
      "steps" : [ ],
      "attachments" : [ ],
      "parameters" : [ {
        "name" : "password",
        "value" : "'admin123'"
      } ],
      "attachmentsCount" : 0,
      "shouldDisplayMessage" : false,
      "stepsCount" : 0,
      "hasContent" : true
    }, {
      "name" : "Click submit button",
      "time" : {
        "start" : 1708177891606,
        "stop" : 1708177891649,
        "duration" : 43
      },
      "status" : "passed",
      "steps" : [ ],
      "attachments" : [ ],
      "parameters" : [ ],
      "attachmentsCount" : 0,
      "shouldDisplayMessage" : false,
      "stepsCount" : 0,
      "hasContent" : false
    }, {
      "name" : "Page https://opensource-demo.orangehrmlive.com/web/index.php/dashboard/index is opened",
      "time" : {
        "start" : 1708177891650,
        "stop" : 1708177892570,
        "duration" : 920
      },
      "status" : "passed",
      "steps" : [ ],
      "attachments" : [ ],
      "parameters" : [ ],
      "attachmentsCount" : 0,
      "shouldDisplayMessage" : false,
      "stepsCount" : 0,
      "hasContent" : false
    }, {
      "name" : "Click on 'My Info' link",
      "time" : {
        "start" : 1708177892570,
        "stop" : 1708177894440,
        "duration" : 1870
      },
      "status" : "passed",
      "steps" : [ ],
      "attachments" : [ ],
      "parameters" : [ ],
      "attachmentsCount" : 0,
      "shouldDisplayMessage" : false,
      "stepsCount" : 0,
      "hasContent" : false
    }, {
      "name" : "Page https://opensource-demo.orangehrmlive.com/web/index.php/pim/viewPersonalDetails/empNumber/7 is opened",
      "time" : {
        "start" : 1708177894440,
        "stop" : 1708177894443,
        "duration" : 3
      },
      "status" : "passed",
      "steps" : [ ],
      "attachments" : [ ],
      "parameters" : [ ],
      "attachmentsCount" : 0,
      "shouldDisplayMessage" : false,
      "stepsCount" : 0,
      "hasContent" : false
    }, {
      "name" : "Change name on 'Test 78'",
      "time" : {
        "start" : 1708177894443,
        "stop" : 1708177895551,
        "duration" : 1108
      },
      "status" : "passed",
      "steps" : [ ],
      "attachments" : [ ],
      "parameters" : [ ],
      "attachmentsCount" : 0,
      "shouldDisplayMessage" : false,
      "stepsCount" : 0,
      "hasContent" : false
    }, {
      "name" : "Save changes",
      "time" : {
        "start" : 1708177895551,
        "stop" : 1708177895694,
        "duration" : 143
      },
      "status" : "passed",
      "steps" : [ ],
      "attachments" : [ ],
      "parameters" : [ ],
      "attachmentsCount" : 0,
      "shouldDisplayMessage" : false,
      "stepsCount" : 0,
      "hasContent" : false
    }, {
      "name" : "Changes has been saved successfuly",
      "time" : {
        "start" : 1708177895694,
        "stop" : 1708177898764,
        "duration" : 3070
      },
      "status" : "passed",
      "steps" : [ ],
      "attachments" : [ ],
      "parameters" : [ ],
      "attachmentsCount" : 0,
      "shouldDisplayMessage" : false,
      "stepsCount" : 0,
      "hasContent" : false
    } ],
    "attachments" : [ {
      "uid" : "9dacdc7cb8e8063b",
      "name" : "Success",
      "source" : "9dacdc7cb8e8063b.png",
      "type" : "image/png",
      "size" : 168913
    } ],
    "parameters" : [ ],
    "attachmentsCount" : 1,
    "shouldDisplayMessage" : true,
    "stepsCount" : 10,
    "hasContent" : true
  },
  "afterStages" : [ {
    "name" : "driver::0",
    "time" : {
      "start" : 1708177898933,
      "stop" : 1708177898991,
      "duration" : 58
    },
    "status" : "passed",
    "steps" : [ ],
    "attachments" : [ ],
    "parameters" : [ ],
    "attachmentsCount" : 0,
    "shouldDisplayMessage" : false,
    "stepsCount" : 0,
    "hasContent" : false
  } ],
  "labels" : [ {
    "name" : "feature",
    "value" : "Profile Functionality"
  }, {
    "name" : "severity",
    "value" : "Critical"
  }, {
    "name" : "tag",
    "value" : "smoke"
  }, {
    "name" : "tag",
    "value" : "good"
  }, {
    "name" : "parentSuite",
    "value" : "tests"
  }, {
    "name" : "suite",
    "value" : "feature_profile_test"
  }, {
    "name" : "subSuite",
    "value" : "TestProfileFeature"
  }, {
    "name" : "host",
    "value" : "f644d3d20cce"
  }, {
    "name" : "thread",
    "value" : "1-MainThread"
  }, {
    "name" : "framework",
    "value" : "pytest"
  }, {
    "name" : "language",
    "value" : "cpython3"
  }, {
    "name" : "package",
    "value" : "tests.feature_profile_test"
  }, {
    "name" : "resultFormat",
    "value" : "allure2"
  } ],
  "parameters" : [ ],
  "links" : [ ],
  "hidden" : false,
  "retry" : false,
  "extra" : {
    "severity" : "critical",
    "retries" : [ {
      "uid" : "148079afe82a0cec",
      "status" : "failed",
      "statusDetails" : "AssertionError: assert False",
      "time" : {
        "start" : 1708177849546,
        "stop" : 1708177859524,
        "duration" : 9978
      }
    }, {
      "uid" : "af6b3ad2b5cb2441",
      "status" : "passed",
      "time" : {
        "start" : 1707769734895,
        "stop" : 1707769749014,
        "duration" : 14119
      }
    } ],
    "categories" : [ {
      "name" : "Product defects",
      "matchedStatuses" : [ ],
      "flaky" : false
    } ],
    "history" : {
      "statistic" : {
        "failed" : 2,
        "broken" : 6,
        "skipped" : 0,
        "passed" : 14,
        "unknown" : 0,
        "total" : 22
      },
      "items" : [ {
        "uid" : "4c7d72e6c1d04ab5",
        "status" : "failed",
        "statusDetails" : "AssertionError: assert False",
        "time" : {
          "start" : 1707770594582,
          "stop" : 1707770605797,
          "duration" : 11215
        }
      }, {
        "uid" : "8bda90f367149691",
        "status" : "passed",
        "time" : {
          "start" : 1707770301759,
          "stop" : 1707770311912,
          "duration" : 10153
        }
      }, {
        "uid" : "358ae81c10330393",
        "status" : "broken",
        "statusDetails" : "selenium.common.exceptions.TimeoutException: Message:",
        "time" : {
          "start" : 1707756702712,
          "stop" : 1707756715258,
          "duration" : 12546
        }
      }, {
        "uid" : "5e169d903801df6b",
        "status" : "passed",
        "time" : {
          "start" : 1707756385022,
          "stop" : 1707756395624,
          "duration" : 10602
        }
      }, {
        "uid" : "bfd71b901b79971c",
        "status" : "broken",
        "statusDetails" : "selenium.common.exceptions.TimeoutException: Message:",
        "time" : {
          "start" : 1707755995591,
          "stop" : 1707756016721,
          "duration" : 21130
        }
      }, {
        "uid" : "e40143ffd9df2485",
        "status" : "passed",
        "time" : {
          "start" : 1707755459117,
          "stop" : 1707755469454,
          "duration" : 10337
        }
      }, {
        "uid" : "6b56e52358be0376",
        "status" : "broken",
        "statusDetails" : "selenium.common.exceptions.ElementClickInterceptedException: Message: element click intercepted: Element <button type=\"submit\" class=\"oxd-button oxd-button--medium oxd-button--secondary orangehrm-left-space\" data-v-10d463b7=\"\" data-v-8c6e0396=\"\">...</button> is not clickable at point (1789, 709). Other element would receive the click: <form class=\"oxd-form\" novalidate=\"\" data-v-d5bfe35b=\"\" data-v-8c6e0396=\"\">...</form>\n  (Session info: headless chrome=112.0.5615.165)",
        "time" : {
          "start" : 1707755111616,
          "stop" : 1707755120255,
          "duration" : 8639
        }
      }, {
        "uid" : "d483d5106ae436b9",
        "status" : "passed",
        "time" : {
          "start" : 1707754968314,
          "stop" : 1707754978058,
          "duration" : 9744
        }
      }, {
        "uid" : "bc70b7d258d51bb6",
        "status" : "passed",
        "time" : {
          "start" : 1707754694446,
          "stop" : 1707754705296,
          "duration" : 10850
        }
      }, {
        "uid" : "9f56920b214816ed",
        "status" : "passed",
        "time" : {
          "start" : 1707754618214,
          "stop" : 1707754628833,
          "duration" : 10619
        }
      }, {
        "uid" : "944de75845cbb192",
        "status" : "passed",
        "time" : {
          "start" : 1707753298970,
          "stop" : 1707753309923,
          "duration" : 10953
        }
      }, {
        "uid" : "3213fc03fa949b5e",
        "status" : "passed",
        "time" : {
          "start" : 1707753201287,
          "stop" : 1707753212640,
          "duration" : 11353
        }
      }, {
        "uid" : "862ae8cd132275ea",
        "status" : "passed",
        "time" : {
          "start" : 1707752682933,
          "stop" : 1707752692627,
          "duration" : 9694
        }
      }, {
        "uid" : "c27c29a12f962aa5",
        "status" : "passed",
        "time" : {
          "start" : 1707751970776,
          "stop" : 1707751981760,
          "duration" : 10984
        }
      }, {
        "uid" : "91ffa4da2ae8495d",
        "status" : "passed",
        "time" : {
          "start" : 1707656586240,
          "stop" : 1707656597565,
          "duration" : 11325
        }
      }, {
        "uid" : "501177fdff516eba",
        "status" : "passed",
        "time" : {
          "start" : 1707656144358,
          "stop" : 1707656154295,
          "duration" : 9937
        }
      }, {
        "uid" : "9615c96399bb5df7",
        "status" : "broken",
        "statusDetails" : "selenium.common.exceptions.ElementClickInterceptedException: Message: element click intercepted: Element <button type=\"submit\" class=\"oxd-button oxd-button--medium oxd-button--secondary orangehrm-left-space\" data-v-10d463b7=\"\" data-v-8c6e0396=\"\">...</button> is not clickable at point (1789, 709). Other element would receive the click: <form class=\"oxd-form\" novalidate=\"\" data-v-d5bfe35b=\"\" data-v-8c6e0396=\"\">...</form>\n  (Session info: headless chrome=112.0.5615.165)",
        "time" : {
          "start" : 1707652700521,
          "stop" : 1707652707877,
          "duration" : 7356
        }
      }, {
        "uid" : "b0c2bfd36d8cd8d7",
        "status" : "broken",
        "statusDetails" : "selenium.common.exceptions.ElementClickInterceptedException: Message: element click intercepted: Element <button type=\"submit\" class=\"oxd-button oxd-button--medium oxd-button--secondary orangehrm-left-space\" data-v-10d463b7=\"\" data-v-8c6e0396=\"\">...</button> is not clickable at point (1789, 709). Other element would receive the click: <form class=\"oxd-form\" novalidate=\"\" data-v-d5bfe35b=\"\" data-v-8c6e0396=\"\">...</form>\n  (Session info: headless chrome=112.0.5615.165)",
        "time" : {
          "start" : 1707652088045,
          "stop" : 1707652097331,
          "duration" : 9286
        }
      }, {
        "uid" : "b584bbc091d7a97b",
        "status" : "passed",
        "time" : {
          "start" : 1707649702202,
          "stop" : 1707649709589,
          "duration" : 7387
        }
      }, {
        "uid" : "76a70b4065a3b677",
        "status" : "broken",
        "statusDetails" : "selenium.common.exceptions.ElementClickInterceptedException: Message: element click intercepted: Element <button type=\"submit\" class=\"oxd-button oxd-button--medium oxd-button--secondary orangehrm-left-space\" data-v-10d463b7=\"\" data-v-8c6e0396=\"\">...</button> is not clickable at point (1789, 709). Other element would receive the click: <div class=\"oxd-form-loader\" data-v-d5bfe35b=\"\">...</div>\n  (Session info: headless chrome=112.0.5615.165)",
        "time" : {
          "start" : 1707648002296,
          "stop" : 1707648011457,
          "duration" : 9161
        }
      } ]
    },
    "tags" : [ "smoke", "good" ]
  },
  "source" : "fad06d691c1eb11e.json",
  "parameterValues" : [ ]
}